Determining if the pthread_create exist failed with the following output:
Change Dir: /home/hforoughmand/sc-phyl-infer-steiner/SCIPhI/build/CMakeFiles/CMakeTmp

Run Build Command:"/usr/bin/make" "cmTryCompileExec429558623/fast"
/usr/bin/make -f CMakeFiles/cmTryCompileExec429558623.dir/build.make CMakeFiles/cmTryCompileExec429558623.dir/build
make[1]: Entering directory '/home/hforoughmand/sc-phyl-infer-steiner/SCIPhI/build/CMakeFiles/CMakeTmp'
/usr/bin/cmake -E cmake_progress_report /home/hforoughmand/sc-phyl-infer-steiner/SCIPhI/build/CMakeFiles/CMakeTmp/CMakeFiles 1
Building C object CMakeFiles/cmTryCompileExec429558623.dir/CheckSymbolExists.c.o
/home/hforoughmand/miniconda3/envs/py3/bin/x86_64-conda_cos6-linux-gnu-cc   -march=nocona -mtune=haswell -ftree-vectorize -fPIC -fstack-protector-strong -fno-plt -O2 -ffunction-sections -pipe -isystem /home/hforoughmand/miniconda3/envs/py3/include     -o CMakeFiles/cmTryCompileExec429558623.dir/CheckSymbolExists.c.o   -c /home/hforoughmand/sc-phyl-infer-steiner/SCIPhI/build/CMakeFiles/CMakeTmp/CheckSymbolExists.c
Linking C executable cmTryCompileExec429558623
/usr/bin/cmake -E cmake_link_script CMakeFiles/cmTryCompileExec429558623.dir/link.txt --verbose=1
/home/hforoughmand/miniconda3/envs/py3/bin/x86_64-conda_cos6-linux-gnu-cc  -march=nocona -mtune=haswell -ftree-vectorize -fPIC -fstack-protector-strong -fno-plt -O2 -ffunction-sections -pipe -isystem /home/hforoughmand/miniconda3/envs/py3/include     -Wl,-O2 -Wl,--sort-common -Wl,--as-needed -Wl,-z,relro -Wl,-z,now -Wl,--disable-new-dtags -Wl,--gc-sections -Wl,-rpath,/home/hforoughmand/miniconda3/envs/py3/lib -Wl,-rpath-link,/home/hforoughmand/miniconda3/envs/py3/lib -L/home/hforoughmand/miniconda3/envs/py3/lib CMakeFiles/cmTryCompileExec429558623.dir/CheckSymbolExists.c.o  -o cmTryCompileExec429558623 -rdynamic 
/home/hforoughmand/miniconda3/envs/py3/bin/../lib/gcc/x86_64-conda_cos6-linux-gnu/7.3.0/../../../../x86_64-conda_cos6-linux-gnu/bin/ld: CMakeFiles/cmTryCompileExec429558623.dir/CheckSymbolExists.c.o: in function `main':
CheckSymbolExists.c:(.text.startup.main+0x3): undefined reference to `pthread_create'
collect2: error: ld returned 1 exit status
CMakeFiles/cmTryCompileExec429558623.dir/build.make:88: recipe for target 'cmTryCompileExec429558623' failed
make[1]: Leaving directory '/home/hforoughmand/sc-phyl-infer-steiner/SCIPhI/build/CMakeFiles/CMakeTmp'
make[1]: *** [cmTryCompileExec429558623] Error 1
Makefile:118: recipe for target 'cmTryCompileExec429558623/fast' failed
make: *** [cmTryCompileExec429558623/fast] Error 2

File /home/hforoughmand/sc-phyl-infer-steiner/SCIPhI/build/CMakeFiles/CMakeTmp/CheckSymbolExists.c:
/* */
#include <pthread.h>

int main(int argc, char** argv)
{
  (void)argv;
#ifndef pthread_create
  return ((int*)(&pthread_create))[argc];
#else
  (void)argc;
  return 0;
#endif
}

Determining if the function pthread_create exists in the pthreads failed with the following output:
Change Dir: /home/hforoughmand/sc-phyl-infer-steiner/SCIPhI/build/CMakeFiles/CMakeTmp

Run Build Command:"/usr/bin/make" "cmTryCompileExec3976399520/fast"
/usr/bin/make -f CMakeFiles/cmTryCompileExec3976399520.dir/build.make CMakeFiles/cmTryCompileExec3976399520.dir/build
make[1]: Entering directory '/home/hforoughmand/sc-phyl-infer-steiner/SCIPhI/build/CMakeFiles/CMakeTmp'
/usr/bin/cmake -E cmake_progress_report /home/hforoughmand/sc-phyl-infer-steiner/SCIPhI/build/CMakeFiles/CMakeTmp/CMakeFiles 1
Building C object CMakeFiles/cmTryCompileExec3976399520.dir/CheckFunctionExists.c.o
/home/hforoughmand/miniconda3/envs/py3/bin/x86_64-conda_cos6-linux-gnu-cc   -march=nocona -mtune=haswell -ftree-vectorize -fPIC -fstack-protector-strong -fno-plt -O2 -ffunction-sections -pipe -isystem /home/hforoughmand/miniconda3/envs/py3/include  -DCHECK_FUNCTION_EXISTS=pthread_create   -o CMakeFiles/cmTryCompileExec3976399520.dir/CheckFunctionExists.c.o   -c /usr/share/cmake-3.0/Modules/CheckFunctionExists.c
Linking C executable cmTryCompileExec3976399520
/usr/bin/cmake -E cmake_link_script CMakeFiles/cmTryCompileExec3976399520.dir/link.txt --verbose=1
/home/hforoughmand/miniconda3/envs/py3/bin/x86_64-conda_cos6-linux-gnu-cc  -march=nocona -mtune=haswell -ftree-vectorize -fPIC -fstack-protector-strong -fno-plt -O2 -ffunction-sections -pipe -isystem /home/hforoughmand/miniconda3/envs/py3/include  -DCHECK_FUNCTION_EXISTS=pthread_create   -Wl,-O2 -Wl,--sort-common -Wl,--as-needed -Wl,-z,relro -Wl,-z,now -Wl,--disable-new-dtags -Wl,--gc-sections -Wl,-rpath,/home/hforoughmand/miniconda3/envs/py3/lib -Wl,-rpath-link,/home/hforoughmand/miniconda3/envs/py3/lib -L/home/hforoughmand/miniconda3/envs/py3/lib CMakeFiles/cmTryCompileExec3976399520.dir/CheckFunctionExists.c.o  -o cmTryCompileExec3976399520 -rdynamic -lpthreads 
/home/hforoughmand/miniconda3/envs/py3/bin/../lib/gcc/x86_64-conda_cos6-linux-gnu/7.3.0/../../../../x86_64-conda_cos6-linux-gnu/bin/ld: cannot find -lpthreads
collect2: error: ld returned 1 exit status
CMakeFiles/cmTryCompileExec3976399520.dir/build.make:88: recipe for target 'cmTryCompileExec3976399520' failed
make[1]: Leaving directory '/home/hforoughmand/sc-phyl-infer-steiner/SCIPhI/build/CMakeFiles/CMakeTmp'
make[1]: *** [cmTryCompileExec3976399520] Error 1
Makefile:118: recipe for target 'cmTryCompileExec3976399520/fast' failed
make: *** [cmTryCompileExec3976399520/fast] Error 2


